<?xml version="1.0" encoding="UTF-8"?>
<testsuite name="Cucumber" time="0.193" tests="2" skipped="0" failures="1" errors="0">
<testcase classname="Test de la fonctionnalité de connexion" name="Vérifier l'affichage du tableau des résultats" time="0.021">
<failure type="java.lang.Error" message="Unresolved compilation problems: 
	etudiant cannot be resolved to a variable
	Syntax error on token &quot;==&quot;, invalid AssignmentOperator
	etudiant cannot be resolved
">
<![CDATA[java.lang.Error: Unresolved compilation problems: 
	etudiant cannot be resolved to a variable
	Syntax error on token "==", invalid AssignmentOperator
	etudiant cannot be resolved

	at steps.StudentBehaviorTest.letudiant_est_connecte_et_dispose_de_resultats_enregistres(StudentBehaviorTest.java:12)
	at ✽.l'étudiant est connecté et dispose de résultats enregistrés(file:///C:/Users/USER/eclipse-workspace/test/src/test/resources/Features/login.feature:5)
]]>
</failure>
<system-out><![CDATA[
Given l'étudiant est connecté et dispose de résultats enregistrés...........failed
When il navigue vers la page des résultats..................................skipped
Then un tableau affichant les résultats est visible.........................skipped
]]></system-out>
</testcase>
<testcase classname="Test de la fonctionnalité de connexion" name="Vérifier l'affichage du message d'absence de résultats" time="0.006">
<system-out><![CDATA[
Given l'étudiant est connecté mais ne dispose pas de résultats enregistrés..passed
When il navigue vers la page des résultats..................................passed
Then un message indiquant "Aucun résultat disponible" est affiché...........passed
]]></system-out>
</testcase>
</testsuite>
